2020-08-27 15:29:31,620 - root - INFO -[步骤信息]:*******开始执行登录功能_正常测试测试用例******
2020-08-27 15:29:31,624 - root - INFO -[步骤信息]:=====执行输入操作======
输入的数据为：securityAdmin
2020-08-27 15:29:31,625 - root - INFO -[步骤信息]:当前元素定位类型：xpath，当前查找的元素表达式为：//input[@placeholder="输入用户名"]
2020-08-27 15:29:31,626 - root - INFO -[步骤信息]:开始等待元素在当前页面可见。
2020-08-27 15:29:31,650 - root - INFO -[步骤信息]:等待结束，等待开始时间：1598513371.626975，结束等待时间：1598513371.6509116等待时间长为: 0.02393651008605957
2020-08-27 15:29:31,804 - root - INFO -[步骤信息]:=====执行输入操作======
输入的数据为：123qwe
2020-08-27 15:29:31,806 - root - INFO -[步骤信息]:当前元素定位类型：xpath，当前查找的元素表达式为：//input[@placeholder="输入密码"]
2020-08-27 15:29:31,806 - root - INFO -[步骤信息]:开始等待元素在当前页面可见。
2020-08-27 15:29:31,832 - root - INFO -[步骤信息]:等待结束，等待开始时间：1598513371.8074925，结束等待时间：1598513371.8324265等待时间长为: 0.024934053421020508
2020-08-27 15:29:31,910 - root - INFO -[步骤信息]:=====执行点击事件======
2020-08-27 15:29:31,910 - root - INFO -[步骤信息]:当前元素定位类型：xpath，当前查找的元素表达式为：//span[text()="登 录"]/..
2020-08-27 15:29:31,911 - root - INFO -[步骤信息]:开始等待元素在当前页面可见。
2020-08-27 15:29:31,929 - root - INFO -[步骤信息]:等待结束，等待开始时间：1598513371.911215，结束等待时间：1598513371.928171等待时间长为: 0.016955852508544922
2020-08-27 15:29:31,978 - root - INFO -[步骤信息]:********登录功能_正常测试用例执行完成*******
2020-08-27 15:29:31,983 - root - INFO -[步骤信息]:=====获取元素的文本内容======
2020-08-27 15:29:31,984 - root - INFO -[步骤信息]:当前元素定位类型：xpath，当前查找的元素表达式为：//span[@class="username"]
2020-08-27 15:29:31,985 - root - INFO -[步骤信息]:开始等待元素在当前页面可见。
2020-08-27 15:29:35,447 - root - INFO -[步骤信息]:等待结束，等待开始时间：1598513371.9850175，结束等待时间：1598513375.4467642等待时间长为: 3.4617466926574707
2020-08-27 15:29:35,475 - root - INFO -[步骤信息]:*******开始进行结果校验*********
2020-08-27 15:29:47,308 - root - INFO -[步骤信息]:*******开始执行登录功能_异常测试_用户名为空测试用例******
2020-08-27 15:29:47,340 - root - INFO -[步骤信息]:=====执行输入操作======
输入的数据为：
2020-08-27 15:29:47,341 - root - INFO -[步骤信息]:当前元素定位类型：xpath，当前查找的元素表达式为：//input[@placeholder="输入用户名"]
2020-08-27 15:29:47,342 - root - INFO -[步骤信息]:开始等待元素在当前页面可见。
2020-08-27 15:29:47,367 - root - INFO -[步骤信息]:等待结束，等待开始时间：1598513387.3429523，结束等待时间：1598513387.366888等待时间长为: 0.023935794830322266
2020-08-27 15:29:47,409 - root - INFO -[步骤信息]:=====执行输入操作======
输入的数据为：1234
2020-08-27 15:29:47,410 - root - INFO -[步骤信息]:当前元素定位类型：xpath，当前查找的元素表达式为：//input[@placeholder="输入密码"]
2020-08-27 15:29:47,411 - root - INFO -[步骤信息]:开始等待元素在当前页面可见。
2020-08-27 15:29:47,434 - root - INFO -[步骤信息]:等待结束，等待开始时间：1598513387.4117672，结束等待时间：1598513387.4347072等待时间长为: 0.02293992042541504
2020-08-27 15:29:47,520 - root - INFO -[步骤信息]:=====执行点击事件======
2020-08-27 15:29:47,521 - root - INFO -[步骤信息]:当前元素定位类型：xpath，当前查找的元素表达式为：//span[text()="登 录"]/..
2020-08-27 15:29:47,522 - root - INFO -[步骤信息]:开始等待元素在当前页面可见。
2020-08-27 15:29:47,543 - root - INFO -[步骤信息]:等待结束，等待开始时间：1598513387.5224717，结束等待时间：1598513387.5434158等待时间长为: 0.02094411849975586
2020-08-27 15:29:47,588 - root - INFO -[步骤信息]:********登录功能_异常测试_用户名为空用例执行完成*******
2020-08-27 15:29:47,591 - root - INFO -[步骤信息]:=====获取元素的文本内容======
2020-08-27 15:29:47,592 - root - INFO -[步骤信息]:当前元素定位类型：xpath，当前查找的元素表达式为：(//div[@class="ant-form-explain"])[1]
2020-08-27 15:29:47,593 - root - INFO -[步骤信息]:开始等待元素在当前页面可见。
2020-08-27 15:29:48,622 - root - INFO -[步骤信息]:等待结束，等待开始时间：1598513387.5932827，结束等待时间：1598513388.6215332等待时间长为: 1.0282504558563232
2020-08-27 15:29:48,640 - root - INFO -[步骤信息]:=====获取元素的文本内容======
2020-08-27 15:29:48,640 - root - INFO -[步骤信息]:当前元素定位类型：xpath，当前查找的元素表达式为：(//div[@class="ant-form-explain"])[2]
2020-08-27 15:29:48,641 - root - INFO -[步骤信息]:开始等待元素在当前页面可见。
2020-08-27 15:29:51,667 - root - ERROR -[步骤信息]:等待元素超时.截取当前页面。
2020-08-27 15:29:51,972 - root - INFO -[步骤信息]:已截取当前页面，文件路径：D:\AutoTest\ZHAF\ScreenShots\2020-08-27_截图目录\等待元素失败-2020-08-27_15_29_51.png
2020-08-27 15:29:51,972 - root - INFO -[步骤信息]:*******开始进行结果校验*********
2020-08-27 15:30:04,206 - root - INFO -[步骤信息]:*******开始执行登录功能_异常测试_密码为空测试用例******
2020-08-27 15:30:04,211 - root - INFO -[步骤信息]:=====执行输入操作======
输入的数据为：securityAdmin
2020-08-27 15:30:04,212 - root - INFO -[步骤信息]:当前元素定位类型：xpath，当前查找的元素表达式为：//input[@placeholder="输入用户名"]
2020-08-27 15:30:04,212 - root - INFO -[步骤信息]:开始等待元素在当前页面可见。
2020-08-27 15:30:04,235 - root - INFO -[步骤信息]:等待结束，等待开始时间：1598513404.2138405，结束等待时间：1598513404.2357814等待时间长为: 0.021940946578979492
2020-08-27 15:30:04,347 - root - INFO -[步骤信息]:=====执行输入操作======
输入的数据为：
2020-08-27 15:30:04,347 - root - INFO -[步骤信息]:当前元素定位类型：xpath，当前查找的元素表达式为：//input[@placeholder="输入密码"]
2020-08-27 15:30:04,348 - root - INFO -[步骤信息]:开始等待元素在当前页面可见。
2020-08-27 15:30:04,371 - root - INFO -[步骤信息]:等待结束，等待开始时间：1598513404.3484812，结束等待时间：1598513404.3714185等待时间长为: 0.022937297821044922
2020-08-27 15:30:04,421 - root - INFO -[步骤信息]:=====执行点击事件======
2020-08-27 15:30:04,422 - root - INFO -[步骤信息]:当前元素定位类型：xpath，当前查找的元素表达式为：//span[text()="登 录"]/..
2020-08-27 15:30:04,423 - root - INFO -[步骤信息]:开始等待元素在当前页面可见。
2020-08-27 15:30:04,449 - root - INFO -[步骤信息]:等待结束，等待开始时间：1598513404.4232793，结束等待时间：1598513404.4482133等待时间长为: 0.024934053421020508
2020-08-27 15:30:04,495 - root - INFO -[步骤信息]:********登录功能_异常测试_密码为空用例执行完成*******
2020-08-27 15:30:04,500 - root - INFO -[步骤信息]:=====获取元素的文本内容======
2020-08-27 15:30:04,501 - root - INFO -[步骤信息]:当前元素定位类型：xpath，当前查找的元素表达式为：(//div[@class="ant-form-explain"])[1]
2020-08-27 15:30:04,501 - root - INFO -[步骤信息]:开始等待元素在当前页面可见。
2020-08-27 15:30:05,529 - root - INFO -[步骤信息]:等待结束，等待开始时间：1598513404.5010715，结束等待时间：1598513405.5283248等待时间长为: 1.0272533893585205
2020-08-27 15:30:05,546 - root - INFO -[步骤信息]:=====获取元素的文本内容======
2020-08-27 15:30:05,547 - root - INFO -[步骤信息]:当前元素定位类型：xpath，当前查找的元素表达式为：(//div[@class="ant-form-explain"])[2]
2020-08-27 15:30:05,547 - root - INFO -[步骤信息]:开始等待元素在当前页面可见。
2020-08-27 15:30:08,574 - root - ERROR -[步骤信息]:等待元素超时.截取当前页面。
2020-08-27 15:30:08,880 - root - INFO -[步骤信息]:已截取当前页面，文件路径：D:\AutoTest\ZHAF\ScreenShots\2020-08-27_截图目录\等待元素失败-2020-08-27_15_30_08.png
2020-08-27 15:30:08,880 - root - INFO -[步骤信息]:*******开始进行结果校验*********
2020-08-27 15:30:20,657 - root - INFO -[步骤信息]:*******开始执行登录功能_异常测试_用户名错误测试用例******
2020-08-27 15:30:20,702 - root - INFO -[步骤信息]:=====执行输入操作======
输入的数据为：security
2020-08-27 15:30:20,703 - root - INFO -[步骤信息]:当前元素定位类型：xpath，当前查找的元素表达式为：//input[@placeholder="输入用户名"]
2020-08-27 15:30:20,704 - root - INFO -[步骤信息]:开始等待元素在当前页面可见。
2020-08-27 15:30:20,732 - root - INFO -[步骤信息]:等待结束，等待开始时间：1598513420.704744，结束等待时间：1598513420.7316725等待时间长为: 0.026928424835205078
2020-08-27 15:30:20,839 - root - INFO -[步骤信息]:=====执行输入操作======
输入的数据为：123
2020-08-27 15:30:20,840 - root - INFO -[步骤信息]:当前元素定位类型：xpath，当前查找的元素表达式为：//input[@placeholder="输入密码"]
2020-08-27 15:30:20,841 - root - INFO -[步骤信息]:开始等待元素在当前页面可见。
2020-08-27 15:30:20,867 - root - INFO -[步骤信息]:等待结束，等待开始时间：1598513420.8423767，结束等待时间：1598513420.8663132等待时间长为: 0.02393651008605957
2020-08-27 15:30:20,928 - root - INFO -[步骤信息]:=====执行点击事件======
2020-08-27 15:30:20,929 - root - INFO -[步骤信息]:当前元素定位类型：xpath，当前查找的元素表达式为：//span[text()="登 录"]/..
2020-08-27 15:30:20,930 - root - INFO -[步骤信息]:开始等待元素在当前页面可见。
2020-08-27 15:30:20,949 - root - INFO -[步骤信息]:等待结束，等待开始时间：1598513420.930141，结束等待时间：1598513420.948093等待时间长为: 0.01795196533203125
2020-08-27 15:30:20,992 - root - INFO -[步骤信息]:********登录功能_异常测试_用户名错误用例执行完成*******
2020-08-27 15:30:20,997 - root - INFO -[步骤信息]:=====获取元素的文本内容======
2020-08-27 15:30:20,998 - root - INFO -[步骤信息]:当前元素定位类型：xpath，当前查找的元素表达式为：(//div[@class="ant-form-explain"])[1]
2020-08-27 15:30:20,998 - root - INFO -[步骤信息]:开始等待元素在当前页面可见。
2020-08-27 15:30:22,024 - root - INFO -[步骤信息]:等待结束，等待开始时间：1598513420.9989574，结束等待时间：1598513422.0232182等待时间长为: 1.0242607593536377
2020-08-27 15:30:22,040 - root - INFO -[步骤信息]:=====获取元素的文本内容======
2020-08-27 15:30:22,041 - root - INFO -[步骤信息]:当前元素定位类型：xpath，当前查找的元素表达式为：(//div[@class="ant-form-explain"])[2]
2020-08-27 15:30:22,042 - root - INFO -[步骤信息]:开始等待元素在当前页面可见。
2020-08-27 15:30:22,061 - root - INFO -[步骤信息]:等待结束，等待开始时间：1598513422.0421672，结束等待时间：1598513422.061117等待时间长为: 0.01894974708557129
2020-08-27 15:30:22,078 - root - INFO -[步骤信息]:*******开始进行结果校验*********
2020-08-27 15:30:34,701 - root - INFO -[步骤信息]:*******开始执行登录功能_异常测试_密码错误测试用例******
2020-08-27 15:30:34,706 - root - INFO -[步骤信息]:=====执行输入操作======
输入的数据为：securityAdmin
2020-08-27 15:30:34,707 - root - INFO -[步骤信息]:当前元素定位类型：xpath，当前查找的元素表达式为：//input[@placeholder="输入用户名"]
2020-08-27 15:30:34,707 - root - INFO -[步骤信息]:开始等待元素在当前页面可见。
2020-08-27 15:30:34,732 - root - INFO -[步骤信息]:等待结束，等待开始时间：1598513434.7082987，结束等待时间：1598513434.7312376等待时间长为: 0.022938966751098633
2020-08-27 15:30:34,839 - root - INFO -[步骤信息]:=====执行输入操作======
输入的数据为：123
2020-08-27 15:30:34,840 - root - INFO -[步骤信息]:当前元素定位类型：xpath，当前查找的元素表达式为：//input[@placeholder="输入密码"]
2020-08-27 15:30:34,841 - root - INFO -[步骤信息]:开始等待元素在当前页面可见。
2020-08-27 15:30:34,868 - root - INFO -[步骤信息]:等待结束，等待开始时间：1598513434.842939，结束等待时间：1598513434.8678722等待时间长为: 0.024933338165283203
2020-08-27 15:30:34,934 - root - INFO -[步骤信息]:=====执行点击事件======
2020-08-27 15:30:34,935 - root - INFO -[步骤信息]:当前元素定位类型：xpath，当前查找的元素表达式为：//span[text()="登 录"]/..
2020-08-27 15:30:34,935 - root - INFO -[步骤信息]:开始等待元素在当前页面可见。
2020-08-27 15:30:34,954 - root - INFO -[步骤信息]:等待结束，等待开始时间：1598513434.935691，结束等待时间：1598513434.9546404等待时间长为: 0.018949270248413086
2020-08-27 15:30:35,003 - root - INFO -[步骤信息]:********登录功能_异常测试_密码错误用例执行完成*******
2020-08-27 15:30:35,007 - root - INFO -[步骤信息]:=====获取元素的文本内容======
2020-08-27 15:30:35,007 - root - INFO -[步骤信息]:当前元素定位类型：xpath，当前查找的元素表达式为：(//div[@class="ant-form-explain"])[1]
2020-08-27 15:30:35,008 - root - INFO -[步骤信息]:开始等待元素在当前页面可见。
2020-08-27 15:30:36,035 - root - INFO -[步骤信息]:等待结束，等待开始时间：1598513435.008496，结束等待时间：1598513436.0347526等待时间长为: 1.0262565612792969
2020-08-27 15:30:36,054 - root - INFO -[步骤信息]:=====获取元素的文本内容======
2020-08-27 15:30:36,055 - root - INFO -[步骤信息]:当前元素定位类型：xpath，当前查找的元素表达式为：(//div[@class="ant-form-explain"])[2]
2020-08-27 15:30:36,056 - root - INFO -[步骤信息]:开始等待元素在当前页面可见。
2020-08-27 15:30:36,075 - root - INFO -[步骤信息]:等待结束，等待开始时间：1598513436.0566947，结束等待时间：1598513436.0756423等待时间长为: 0.018947601318359375
2020-08-27 15:30:36,092 - root - INFO -[步骤信息]:*******开始进行结果校验*********
