2020-08-24 10:25:00,909 - root - INFO -[步骤信息]:*******开始执行登录功能_正常测试测试用例******
2020-08-24 10:25:00,950 - root - INFO -[步骤信息]:=====执行输入操作======
输入的数据为：securityAdmin
2020-08-24 10:25:00,951 - root - INFO -[步骤信息]:当前元素定位类型：xpath，当前查找的元素表达式为：//input[@placeholder="输入用户名"]
2020-08-24 10:25:00,952 - root - INFO -[步骤信息]:开始等待元素在当前页面可见。
2020-08-24 10:25:00,970 - root - INFO -[步骤信息]:等待结束，等待开始时间：1598235900.952216，结束等待时间：1598235900.970458等待时间长为: 0.01824212074279785
2020-08-24 10:25:01,082 - root - INFO -[步骤信息]:=====执行输入操作======
输入的数据为：123qwe
2020-08-24 10:25:01,101 - root - INFO -[步骤信息]:当前元素定位类型：xpath，当前查找的元素表达式为：//input[@placeholder="输入密码"]
2020-08-24 10:25:01,102 - root - INFO -[步骤信息]:开始等待元素在当前页面可见。
2020-08-24 10:25:01,123 - root - INFO -[步骤信息]:等待结束，等待开始时间：1598235901.102173，结束等待时间：1598235901.1231165等待时间长为: 0.020943403244018555
2020-08-24 10:25:01,186 - root - INFO -[步骤信息]:=====执行点击事件======
2020-08-24 10:25:01,187 - root - INFO -[步骤信息]:当前元素定位类型：xpath，当前查找的元素表达式为：//span[text()="登 录"]/..
2020-08-24 10:25:01,188 - root - INFO -[步骤信息]:开始等待元素在当前页面可见。
2020-08-24 10:25:01,206 - root - INFO -[步骤信息]:等待结束，等待开始时间：1598235901.1889408，结束等待时间：1598235901.2068925等待时间长为: 0.01795172691345215
2020-08-24 10:25:01,249 - root - INFO -[步骤信息]:********登录功能_正常测试用例执行完成*******
2020-08-24 10:25:01,253 - root - INFO -[步骤信息]:=====获取元素的文本内容======
2020-08-24 10:25:01,254 - root - INFO -[步骤信息]:当前元素定位类型：xpath，当前查找的元素表达式为：//span[@class="username"]
2020-08-24 10:25:01,254 - root - INFO -[步骤信息]:开始等待元素在当前页面可见。
2020-08-24 10:25:03,332 - root - INFO -[步骤信息]:等待结束，等待开始时间：1598235901.255762，结束等待时间：1598235903.3310559等待时间长为: 2.075293779373169
2020-08-24 10:25:03,364 - root - INFO -[步骤信息]:*******开始进行结果校验*********
2020-08-24 10:25:14,347 - root - INFO -[步骤信息]:*******开始执行登录功能_异常测试_用户名为空测试用例******
2020-08-24 10:25:14,388 - root - INFO -[步骤信息]:=====执行输入操作======
输入的数据为：
2020-08-24 10:25:14,388 - root - INFO -[步骤信息]:当前元素定位类型：xpath，当前查找的元素表达式为：//input[@placeholder="输入用户名"]
2020-08-24 10:25:14,389 - root - INFO -[步骤信息]:开始等待元素在当前页面可见。
2020-08-24 10:25:14,403 - root - INFO -[步骤信息]:等待结束，等待开始时间：1598235914.389206，结束等待时间：1598235914.4033203等待时间长为: 0.0141143798828125
2020-08-24 10:25:14,453 - root - INFO -[步骤信息]:=====执行输入操作======
输入的数据为：1234
2020-08-24 10:25:14,453 - root - INFO -[步骤信息]:当前元素定位类型：xpath，当前查找的元素表达式为：//input[@placeholder="输入密码"]
2020-08-24 10:25:14,453 - root - INFO -[步骤信息]:开始等待元素在当前页面可见。
2020-08-24 10:25:14,473 - root - INFO -[步骤信息]:等待结束，等待开始时间：1598235914.4533207，结束等待时间：1598235914.4733238等待时间长为: 0.020003080368041992
2020-08-24 10:25:14,556 - root - INFO -[步骤信息]:=====执行点击事件======
2020-08-24 10:25:14,557 - root - INFO -[步骤信息]:当前元素定位类型：xpath，当前查找的元素表达式为：//span[text()="登 录"]/..
2020-08-24 10:25:14,557 - root - INFO -[步骤信息]:开始等待元素在当前页面可见。
2020-08-24 10:25:14,577 - root - INFO -[步骤信息]:等待结束，等待开始时间：1598235914.5583084，结束等待时间：1598235914.576199等待时间长为: 0.01789069175720215
2020-08-24 10:25:14,619 - root - INFO -[步骤信息]:********登录功能_异常测试_用户名为空用例执行完成*******
2020-08-24 10:25:14,624 - root - INFO -[步骤信息]:=====获取元素的文本内容======
2020-08-24 10:25:14,625 - root - INFO -[步骤信息]:当前元素定位类型：xpath，当前查找的元素表达式为：(//div[@class="ant-form-explain"])[1]
2020-08-24 10:25:14,626 - root - INFO -[步骤信息]:开始等待元素在当前页面可见。
2020-08-24 10:25:15,652 - root - INFO -[步骤信息]:等待结束，等待开始时间：1598235914.6262221，结束等待时间：1598235915.6513214等待时间长为: 1.025099277496338
2020-08-24 10:25:15,669 - root - INFO -[步骤信息]:=====获取元素的文本内容======
2020-08-24 10:25:15,669 - root - INFO -[步骤信息]:当前元素定位类型：xpath，当前查找的元素表达式为：(//div[@class="ant-form-explain"])[2]
2020-08-24 10:25:15,670 - root - INFO -[步骤信息]:开始等待元素在当前页面可见。
2020-08-24 10:25:18,703 - root - ERROR -[步骤信息]:等待元素超时.截取当前页面。
2020-08-24 10:25:19,003 - root - INFO -[步骤信息]:已截取当前页面，文件路径：D:\UIAutoTest\ZHAF\ScreenShots\2020-08-24_截图目录\等待元素失败-2020-08-24_10_25_18.png
2020-08-24 10:25:19,003 - root - INFO -[步骤信息]:*******开始进行结果校验*********
2020-08-24 10:25:29,707 - root - INFO -[步骤信息]:*******开始执行登录功能_异常测试_密码为空测试用例******
2020-08-24 10:25:29,746 - root - INFO -[步骤信息]:=====执行输入操作======
输入的数据为：securityAdmin
2020-08-24 10:25:29,747 - root - INFO -[步骤信息]:当前元素定位类型：xpath，当前查找的元素表达式为：//input[@placeholder="输入用户名"]
2020-08-24 10:25:29,748 - root - INFO -[步骤信息]:开始等待元素在当前页面可见。
2020-08-24 10:25:29,769 - root - INFO -[步骤信息]:等待结束，等待开始时间：1598235929.7482522，结束等待时间：1598235929.7693636等待时间长为: 0.021111488342285156
2020-08-24 10:25:29,888 - root - INFO -[步骤信息]:=====执行输入操作======
输入的数据为：
2020-08-24 10:25:29,889 - root - INFO -[步骤信息]:当前元素定位类型：xpath，当前查找的元素表达式为：//input[@placeholder="输入密码"]
2020-08-24 10:25:29,890 - root - INFO -[步骤信息]:开始等待元素在当前页面可见。
2020-08-24 10:25:29,911 - root - INFO -[步骤信息]:等待结束，等待开始时间：1598235929.8902638，结束等待时间：1598235929.9112074等待时间长为: 0.020943641662597656
2020-08-24 10:25:29,950 - root - INFO -[步骤信息]:=====执行点击事件======
2020-08-24 10:25:29,951 - root - INFO -[步骤信息]:当前元素定位类型：xpath，当前查找的元素表达式为：//span[text()="登 录"]/..
2020-08-24 10:25:29,952 - root - INFO -[步骤信息]:开始等待元素在当前页面可见。
2020-08-24 10:25:29,969 - root - INFO -[步骤信息]:等待结束，等待开始时间：1598235929.9520993，结束等待时间：1598235929.9690537等待时间长为: 0.016954421997070312
2020-08-24 10:25:30,006 - root - INFO -[步骤信息]:********登录功能_异常测试_密码为空用例执行完成*******
2020-08-24 10:25:30,009 - root - INFO -[步骤信息]:=====获取元素的文本内容======
2020-08-24 10:25:30,010 - root - INFO -[步骤信息]:当前元素定位类型：xpath，当前查找的元素表达式为：(//div[@class="ant-form-explain"])[1]
2020-08-24 10:25:30,010 - root - INFO -[步骤信息]:开始等待元素在当前页面可见。
2020-08-24 10:25:31,033 - root - INFO -[步骤信息]:等待结束，等待开始时间：1598235930.011938，结束等待时间：1598235931.032803等待时间长为: 1.0208649635314941
2020-08-24 10:25:31,050 - root - INFO -[步骤信息]:=====获取元素的文本内容======
2020-08-24 10:25:31,051 - root - INFO -[步骤信息]:当前元素定位类型：xpath，当前查找的元素表达式为：(//div[@class="ant-form-explain"])[2]
2020-08-24 10:25:31,052 - root - INFO -[步骤信息]:开始等待元素在当前页面可见。
2020-08-24 10:25:34,083 - root - ERROR -[步骤信息]:等待元素超时.截取当前页面。
2020-08-24 10:25:34,429 - root - INFO -[步骤信息]:已截取当前页面，文件路径：D:\UIAutoTest\ZHAF\ScreenShots\2020-08-24_截图目录\等待元素失败-2020-08-24_10_25_34.png
2020-08-24 10:25:34,439 - root - INFO -[步骤信息]:*******开始进行结果校验*********
2020-08-24 10:25:45,965 - root - INFO -[步骤信息]:*******开始执行登录功能_异常测试_用户名错误测试用例******
2020-08-24 10:25:46,000 - root - INFO -[步骤信息]:=====执行输入操作======
输入的数据为：security
2020-08-24 10:25:46,000 - root - INFO -[步骤信息]:当前元素定位类型：xpath，当前查找的元素表达式为：//input[@placeholder="输入用户名"]
2020-08-24 10:25:46,001 - root - INFO -[步骤信息]:开始等待元素在当前页面可见。
2020-08-24 10:25:46,019 - root - INFO -[步骤信息]:等待结束，等待开始时间：1598235946.0018847，结束等待时间：1598235946.0199342等待时间长为: 0.01804947853088379
2020-08-24 10:25:46,109 - root - INFO -[步骤信息]:=====执行输入操作======
输入的数据为：123
2020-08-24 10:25:46,109 - root - INFO -[步骤信息]:当前元素定位类型：xpath，当前查找的元素表达式为：//input[@placeholder="输入密码"]
2020-08-24 10:25:46,109 - root - INFO -[步骤信息]:开始等待元素在当前页面可见。
2020-08-24 10:25:46,134 - root - INFO -[步骤信息]:等待结束，等待开始时间：1598235946.109937，结束等待时间：1598235946.1338787等待时间长为: 0.023941755294799805
2020-08-24 10:25:46,190 - root - INFO -[步骤信息]:=====执行点击事件======
2020-08-24 10:25:46,191 - root - INFO -[步骤信息]:当前元素定位类型：xpath，当前查找的元素表达式为：//span[text()="登 录"]/..
2020-08-24 10:25:46,191 - root - INFO -[步骤信息]:开始等待元素在当前页面可见。
2020-08-24 10:25:46,210 - root - INFO -[步骤信息]:等待结束，等待开始时间：1598235946.1920605，结束等待时间：1598235946.2100124等待时间长为: 0.01795196533203125
2020-08-24 10:25:46,250 - root - INFO -[步骤信息]:********登录功能_异常测试_用户名错误用例执行完成*******
2020-08-24 10:25:46,255 - root - INFO -[步骤信息]:=====获取元素的文本内容======
2020-08-24 10:25:46,255 - root - INFO -[步骤信息]:当前元素定位类型：xpath，当前查找的元素表达式为：(//div[@class="ant-form-explain"])[1]
2020-08-24 10:25:46,256 - root - INFO -[步骤信息]:开始等待元素在当前页面可见。
2020-08-24 10:25:47,283 - root - INFO -[步骤信息]:等待结束，等待开始时间：1598235946.2568333，结束等待时间：1598235947.2830274等待时间长为: 1.0261940956115723
2020-08-24 10:25:47,303 - root - INFO -[步骤信息]:=====获取元素的文本内容======
2020-08-24 10:25:47,303 - root - INFO -[步骤信息]:当前元素定位类型：xpath，当前查找的元素表达式为：(//div[@class="ant-form-explain"])[2]
2020-08-24 10:25:47,303 - root - INFO -[步骤信息]:开始等待元素在当前页面可见。
2020-08-24 10:25:47,313 - root - INFO -[步骤信息]:等待结束，等待开始时间：1598235947.3030012，结束等待时间：1598235947.3130016等待时间长为: 0.010000467300415039
2020-08-24 10:25:47,333 - root - INFO -[步骤信息]:*******开始进行结果校验*********
2020-08-24 10:25:57,748 - root - INFO -[步骤信息]:*******开始执行登录功能_异常测试_密码错误测试用例******
2020-08-24 10:25:57,783 - root - INFO -[步骤信息]:=====执行输入操作======
输入的数据为：securityAdmin
2020-08-24 10:25:57,784 - root - INFO -[步骤信息]:当前元素定位类型：xpath，当前查找的元素表达式为：//input[@placeholder="输入用户名"]
2020-08-24 10:25:57,785 - root - INFO -[步骤信息]:开始等待元素在当前页面可见。
2020-08-24 10:25:57,808 - root - INFO -[步骤信息]:等待结束，等待开始时间：1598235957.7851968，结束等待时间：1598235957.808133等待时间长为: 0.022936105728149414
2020-08-24 10:25:57,915 - root - INFO -[步骤信息]:=====执行输入操作======
输入的数据为：123
2020-08-24 10:25:57,916 - root - INFO -[步骤信息]:当前元素定位类型：xpath，当前查找的元素表达式为：//input[@placeholder="输入密码"]
2020-08-24 10:25:57,916 - root - INFO -[步骤信息]:开始等待元素在当前页面可见。
2020-08-24 10:25:57,939 - root - INFO -[步骤信息]:等待结束，等待开始时间：1598235957.9175467，结束等待时间：1598235957.9395163等待时间长为: 0.02196955680847168
2020-08-24 10:25:57,994 - root - INFO -[步骤信息]:=====执行点击事件======
2020-08-24 10:25:57,995 - root - INFO -[步骤信息]:当前元素定位类型：xpath，当前查找的元素表达式为：//span[text()="登 录"]/..
2020-08-24 10:25:57,996 - root - INFO -[步骤信息]:开始等待元素在当前页面可见。
2020-08-24 10:25:58,013 - root - INFO -[步骤信息]:等待结束，等待开始时间：1598235957.996738，结束等待时间：1598235958.0136926等待时间长为: 0.016954660415649414
2020-08-24 10:25:58,055 - root - INFO -[步骤信息]:********登录功能_异常测试_密码错误用例执行完成*******
2020-08-24 10:25:58,058 - root - INFO -[步骤信息]:=====获取元素的文本内容======
2020-08-24 10:25:58,059 - root - INFO -[步骤信息]:当前元素定位类型：xpath，当前查找的元素表达式为：(//div[@class="ant-form-explain"])[1]
2020-08-24 10:25:58,059 - root - INFO -[步骤信息]:开始等待元素在当前页面可见。
2020-08-24 10:26:00,095 - root - INFO -[步骤信息]:等待结束，等待开始时间：1598235958.0605907，结束等待时间：1598235960.0952542等待时间长为: 2.034663438796997
2020-08-24 10:26:00,105 - root - INFO -[步骤信息]:=====获取元素的文本内容======
2020-08-24 10:26:00,115 - root - INFO -[步骤信息]:当前元素定位类型：xpath，当前查找的元素表达式为：(//div[@class="ant-form-explain"])[2]
2020-08-24 10:26:00,115 - root - INFO -[步骤信息]:开始等待元素在当前页面可见。
2020-08-24 10:26:00,125 - root - INFO -[步骤信息]:等待结束，等待开始时间：1598235960.1152537，结束等待时间：1598235960.1252534等待时间长为: 0.009999752044677734
2020-08-24 10:26:00,145 - root - INFO -[步骤信息]:*******开始进行结果校验*********
