2020-08-26 16:42:07,671 - root - INFO -[步骤信息]:*******开始执行登录功能_正常测试测试用例******
2020-08-26 16:42:07,685 - root - INFO -[步骤信息]:=====执行输入操作======
输入的数据为：securityAdmin
2020-08-26 16:42:07,686 - root - INFO -[步骤信息]:当前元素定位类型：xpath，当前查找的元素表达式为：//input[@placeholder="输入用户名"]
2020-08-26 16:42:07,687 - root - INFO -[步骤信息]:开始等待元素在当前页面可见。
2020-08-26 16:42:07,728 - root - INFO -[步骤信息]:等待结束，等待开始时间：1598431327.6881943，结束等待时间：1598431327.7280846等待时间长为: 0.039890289306640625
2020-08-26 16:42:08,083 - root - INFO -[步骤信息]:=====执行输入操作======
输入的数据为：123qwe
2020-08-26 16:42:08,084 - root - INFO -[步骤信息]:当前元素定位类型：xpath，当前查找的元素表达式为：//input[@placeholder="输入密码"]
2020-08-26 16:42:08,085 - root - INFO -[步骤信息]:开始等待元素在当前页面可见。
2020-08-26 16:42:08,126 - root - INFO -[步骤信息]:等待结束，等待开始时间：1598431328.086158，结束等待时间：1598431328.1260524等待时间长为: 0.03989434242248535
2020-08-26 16:42:08,284 - root - INFO -[步骤信息]:=====执行点击事件======
2020-08-26 16:42:08,285 - root - INFO -[步骤信息]:当前元素定位类型：xpath，当前查找的元素表达式为：//span[text()="登 录"]/..
2020-08-26 16:42:08,286 - root - INFO -[步骤信息]:开始等待元素在当前页面可见。
2020-08-26 16:42:08,327 - root - INFO -[步骤信息]:等待结束，等待开始时间：1598431328.287619，结束等待时间：1598431328.3274724等待时间长为: 0.03985333442687988
2020-08-26 16:42:08,423 - root - INFO -[步骤信息]:********登录功能_正常测试用例执行完成*******
2020-08-26 16:42:08,427 - root - INFO -[步骤信息]:=====获取元素的文本内容======
2020-08-26 16:42:08,428 - root - INFO -[步骤信息]:当前元素定位类型：xpath，当前查找的元素表达式为：//span[@class="username"]
2020-08-26 16:42:08,429 - root - INFO -[步骤信息]:开始等待元素在当前页面可见。
2020-08-26 16:42:13,558 - root - INFO -[步骤信息]:等待结束，等待开始时间：1598431328.430629，结束等待时间：1598431333.557285等待时间长为: 5.1266560554504395
2020-08-26 16:42:13,617 - root - INFO -[步骤信息]:*******开始进行结果校验*********
2020-08-26 16:42:27,172 - root - INFO -[步骤信息]:*******开始执行登录功能_异常测试_用户名为空测试用例******
2020-08-26 16:42:27,181 - root - INFO -[步骤信息]:=====执行输入操作======
输入的数据为：
2020-08-26 16:42:27,182 - root - INFO -[步骤信息]:当前元素定位类型：xpath，当前查找的元素表达式为：//input[@placeholder="输入用户名"]
2020-08-26 16:42:27,183 - root - INFO -[步骤信息]:开始等待元素在当前页面可见。
2020-08-26 16:42:27,223 - root - INFO -[步骤信息]:等待结束，等待开始时间：1598431347.1841216，结束等待时间：1598431347.22302等待时间长为: 0.038898468017578125
2020-08-26 16:42:27,267 - root - INFO -[步骤信息]:=====执行输入操作======
输入的数据为：1234
2020-08-26 16:42:27,267 - root - INFO -[步骤信息]:当前元素定位类型：xpath，当前查找的元素表达式为：//input[@placeholder="输入密码"]
2020-08-26 16:42:27,268 - root - INFO -[步骤信息]:开始等待元素在当前页面可见。
2020-08-26 16:42:27,303 - root - INFO -[步骤信息]:等待结束，等待开始时间：1598431347.2698913，结束等待时间：1598431347.3028038等待时间长为: 0.032912492752075195
2020-08-26 16:42:27,523 - root - INFO -[步骤信息]:=====执行点击事件======
2020-08-26 16:42:27,523 - root - INFO -[步骤信息]:当前元素定位类型：xpath，当前查找的元素表达式为：//span[text()="登 录"]/..
2020-08-26 16:42:27,524 - root - INFO -[步骤信息]:开始等待元素在当前页面可见。
2020-08-26 16:42:27,559 - root - INFO -[步骤信息]:等待结束，等待开始时间：1598431347.5252078，结束等待时间：1598431347.5581212等待时间长为: 0.0329134464263916
2020-08-26 16:42:27,644 - root - INFO -[步骤信息]:********登录功能_异常测试_用户名为空用例执行完成*******
2020-08-26 16:42:27,649 - root - INFO -[步骤信息]:=====获取元素的文本内容======
2020-08-26 16:42:27,650 - root - INFO -[步骤信息]:当前元素定位类型：xpath，当前查找的元素表达式为：(//div[@class="ant-form-explain"])[1]
2020-08-26 16:42:27,651 - root - INFO -[步骤信息]:开始等待元素在当前页面可见。
2020-08-26 16:42:28,693 - root - INFO -[步骤信息]:等待结束，等待开始时间：1598431347.652383，结束等待时间：1598431348.6938412等待时间长为: 1.0414581298828125
2020-08-26 16:42:28,722 - root - INFO -[步骤信息]:=====获取元素的文本内容======
2020-08-26 16:42:28,723 - root - INFO -[步骤信息]:当前元素定位类型：xpath，当前查找的元素表达式为：(//div[@class="ant-form-explain"])[2]
2020-08-26 16:42:28,724 - root - INFO -[步骤信息]:开始等待元素在当前页面可见。
2020-08-26 16:42:31,755 - root - ERROR -[步骤信息]:等待元素超时.截取当前页面。
2020-08-26 16:42:32,089 - root - INFO -[步骤信息]:已截取当前页面，文件路径：F:\ZHAF\ScreenShots\2020-08-26_截图目录\等待元素失败-2020-08-26_16_42_31.png
2020-08-26 16:42:32,090 - root - INFO -[步骤信息]:*******开始进行结果校验*********
2020-08-26 16:42:45,286 - root - INFO -[步骤信息]:*******开始执行登录功能_异常测试_密码为空测试用例******
2020-08-26 16:42:45,290 - root - INFO -[步骤信息]:=====执行输入操作======
输入的数据为：securityAdmin
2020-08-26 16:42:45,291 - root - INFO -[步骤信息]:当前元素定位类型：xpath，当前查找的元素表达式为：//input[@placeholder="输入用户名"]
2020-08-26 16:42:45,292 - root - INFO -[步骤信息]:开始等待元素在当前页面可见。
2020-08-26 16:42:45,369 - root - INFO -[步骤信息]:等待结束，等待开始时间：1598431365.2937055，结束等待时间：1598431365.368505等待时间长为: 0.0747995376586914
2020-08-26 16:42:45,685 - root - INFO -[步骤信息]:=====执行输入操作======
输入的数据为：
2020-08-26 16:42:45,686 - root - INFO -[步骤信息]:当前元素定位类型：xpath，当前查找的元素表达式为：//input[@placeholder="输入密码"]
2020-08-26 16:42:45,687 - root - INFO -[步骤信息]:开始等待元素在当前页面可见。
2020-08-26 16:42:45,713 - root - INFO -[步骤信息]:等待结束，等待开始时间：1598431365.6873364，结束等待时间：1598431365.7132668等待时间长为: 0.025930404663085938
2020-08-26 16:42:45,758 - root - INFO -[步骤信息]:=====执行点击事件======
2020-08-26 16:42:45,760 - root - INFO -[步骤信息]:当前元素定位类型：xpath，当前查找的元素表达式为：//span[text()="登 录"]/..
2020-08-26 16:42:45,761 - root - INFO -[步骤信息]:开始等待元素在当前页面可见。
2020-08-26 16:42:45,788 - root - INFO -[步骤信息]:等待结束，等待开始时间：1598431365.7621357，结束等待时间：1598431365.7888439等待时间长为: 0.026708126068115234
2020-08-26 16:42:45,857 - root - INFO -[步骤信息]:********登录功能_异常测试_密码为空用例执行完成*******
2020-08-26 16:42:45,860 - root - INFO -[步骤信息]:=====获取元素的文本内容======
2020-08-26 16:42:45,861 - root - INFO -[步骤信息]:当前元素定位类型：xpath，当前查找的元素表达式为：(//div[@class="ant-form-explain"])[1]
2020-08-26 16:42:45,862 - root - INFO -[步骤信息]:开始等待元素在当前页面可见。
2020-08-26 16:42:46,900 - root - INFO -[步骤信息]:等待结束，等待开始时间：1598431365.8626466，结束等待时间：1598431366.8990953等待时间长为: 1.0364487171173096
2020-08-26 16:42:46,927 - root - INFO -[步骤信息]:=====获取元素的文本内容======
2020-08-26 16:42:46,928 - root - INFO -[步骤信息]:当前元素定位类型：xpath，当前查找的元素表达式为：(//div[@class="ant-form-explain"])[2]
2020-08-26 16:42:46,929 - root - INFO -[步骤信息]:开始等待元素在当前页面可见。
2020-08-26 16:42:49,962 - root - ERROR -[步骤信息]:等待元素超时.截取当前页面。
2020-08-26 16:42:50,307 - root - INFO -[步骤信息]:已截取当前页面，文件路径：F:\ZHAF\ScreenShots\2020-08-26_截图目录\等待元素失败-2020-08-26_16_42_49.png
2020-08-26 16:42:50,308 - root - INFO -[步骤信息]:*******开始进行结果校验*********
2020-08-26 16:43:03,491 - root - INFO -[步骤信息]:*******开始执行登录功能_异常测试_用户名错误测试用例******
2020-08-26 16:43:03,496 - root - INFO -[步骤信息]:=====执行输入操作======
输入的数据为：security
2020-08-26 16:43:03,497 - root - INFO -[步骤信息]:当前元素定位类型：xpath，当前查找的元素表达式为：//input[@placeholder="输入用户名"]
2020-08-26 16:43:03,499 - root - INFO -[步骤信息]:开始等待元素在当前页面可见。
2020-08-26 16:43:03,537 - root - INFO -[步骤信息]:等待结束，等待开始时间：1598431383.4996033，结束等待时间：1598431383.5375013等待时间长为: 0.03789806365966797
2020-08-26 16:43:03,845 - root - INFO -[步骤信息]:=====执行输入操作======
输入的数据为：123
2020-08-26 16:43:03,846 - root - INFO -[步骤信息]:当前元素定位类型：xpath，当前查找的元素表达式为：//input[@placeholder="输入密码"]
2020-08-26 16:43:03,849 - root - INFO -[步骤信息]:开始等待元素在当前页面可见。
2020-08-26 16:43:03,905 - root - INFO -[步骤信息]:等待结束，等待开始时间：1598431383.8506622，结束等待时间：1598431383.9055233等待时间长为: 0.05486106872558594
2020-08-26 16:43:04,040 - root - INFO -[步骤信息]:=====执行点击事件======
2020-08-26 16:43:04,041 - root - INFO -[步骤信息]:当前元素定位类型：xpath，当前查找的元素表达式为：//span[text()="登 录"]/..
2020-08-26 16:43:04,042 - root - INFO -[步骤信息]:开始等待元素在当前页面可见。
2020-08-26 16:43:04,070 - root - INFO -[步骤信息]:等待结束，等待开始时间：1598431384.0421567，结束等待时间：1598431384.0700822等待时间长为: 0.027925491333007812
2020-08-26 16:43:04,172 - root - INFO -[步骤信息]:********登录功能_异常测试_用户名错误用例执行完成*******
2020-08-26 16:43:04,176 - root - INFO -[步骤信息]:=====获取元素的文本内容======
2020-08-26 16:43:04,177 - root - INFO -[步骤信息]:当前元素定位类型：xpath，当前查找的元素表达式为：(//div[@class="ant-form-explain"])[1]
2020-08-26 16:43:04,178 - root - INFO -[步骤信息]:开始等待元素在当前页面可见。
2020-08-26 16:43:06,246 - root - INFO -[步骤信息]:等待结束，等待开始时间：1598431384.1797895，结束等待时间：1598431386.2465155等待时间长为: 2.066725969314575
2020-08-26 16:43:06,271 - root - INFO -[步骤信息]:=====获取元素的文本内容======
2020-08-26 16:43:06,272 - root - INFO -[步骤信息]:当前元素定位类型：xpath，当前查找的元素表达式为：(//div[@class="ant-form-explain"])[2]
2020-08-26 16:43:06,272 - root - INFO -[步骤信息]:开始等待元素在当前页面可见。
2020-08-26 16:43:06,300 - root - INFO -[步骤信息]:等待结束，等待开始时间：1598431386.273443，结束等待时间：1598431386.300373等待时间长为: 0.02693009376525879
2020-08-26 16:43:06,325 - root - INFO -[步骤信息]:*******开始进行结果校验*********
2020-08-26 16:43:19,464 - root - INFO -[步骤信息]:*******开始执行登录功能_异常测试_密码错误测试用例******
2020-08-26 16:43:19,469 - root - INFO -[步骤信息]:=====执行输入操作======
输入的数据为：securityAdmin
2020-08-26 16:43:19,470 - root - INFO -[步骤信息]:当前元素定位类型：xpath，当前查找的元素表达式为：//input[@placeholder="输入用户名"]
2020-08-26 16:43:19,471 - root - INFO -[步骤信息]:开始等待元素在当前页面可见。
2020-08-26 16:43:19,551 - root - INFO -[步骤信息]:等待结束，等待开始时间：1598431399.4717832，结束等待时间：1598431399.5505724等待时间长为: 0.07878923416137695
2020-08-26 16:43:19,830 - root - INFO -[步骤信息]:=====执行输入操作======
输入的数据为：123
2020-08-26 16:43:19,831 - root - INFO -[步骤信息]:当前元素定位类型：xpath，当前查找的元素表达式为：//input[@placeholder="输入密码"]
2020-08-26 16:43:19,832 - root - INFO -[步骤信息]:开始等待元素在当前页面可见。
2020-08-26 16:43:19,862 - root - INFO -[步骤信息]:等待结束，等待开始时间：1598431399.8338144，结束等待时间：1598431399.8617404等待时间长为: 0.027925968170166016
2020-08-26 16:43:19,960 - root - INFO -[步骤信息]:=====执行点击事件======
2020-08-26 16:43:19,961 - root - INFO -[步骤信息]:当前元素定位类型：xpath，当前查找的元素表达式为：//span[text()="登 录"]/..
2020-08-26 16:43:19,962 - root - INFO -[步骤信息]:开始等待元素在当前页面可见。
2020-08-26 16:43:19,988 - root - INFO -[步骤信息]:等待结束，等待开始时间：1598431399.96247，结束等待时间：1598431399.988401等待时间长为: 0.02593088150024414
2020-08-26 16:43:20,062 - root - INFO -[步骤信息]:********登录功能_异常测试_密码错误用例执行完成*******
2020-08-26 16:43:20,064 - root - INFO -[步骤信息]:=====获取元素的文本内容======
2020-08-26 16:43:20,065 - root - INFO -[步骤信息]:当前元素定位类型：xpath，当前查找的元素表达式为：(//div[@class="ant-form-explain"])[1]
2020-08-26 16:43:20,066 - root - INFO -[步骤信息]:开始等待元素在当前页面可见。
2020-08-26 16:43:22,112 - root - INFO -[步骤信息]:等待结束，等待开始时间：1598431400.0671897，结束等待时间：1598431402.1117675等待时间长为: 2.0445778369903564
2020-08-26 16:43:22,136 - root - INFO -[步骤信息]:=====获取元素的文本内容======
2020-08-26 16:43:22,137 - root - INFO -[步骤信息]:当前元素定位类型：xpath，当前查找的元素表达式为：(//div[@class="ant-form-explain"])[2]
2020-08-26 16:43:22,138 - root - INFO -[步骤信息]:开始等待元素在当前页面可见。
2020-08-26 16:43:22,167 - root - INFO -[步骤信息]:等待结束，等待开始时间：1598431402.139695，结束等待时间：1598431402.166655等待时间长为: 0.026960134506225586
2020-08-26 16:43:22,191 - root - INFO -[步骤信息]:*******开始进行结果校验*********
