2020-08-31 11:51:27,213 - root - INFO -[步骤信息]:*******开始执行登录功能_正常测试测试用例******
2020-08-31 11:51:27,253 - root - INFO -[步骤信息]:=====执行输入操作======
输入的数据为：securityAdmin
2020-08-31 11:51:27,254 - root - INFO -[步骤信息]:当前元素定位类型：xpath，当前查找的元素表达式为：//input[@placeholder="输入用户名"]
2020-08-31 11:51:27,255 - root - INFO -[步骤信息]:开始等待元素在当前页面可见。
2020-08-31 11:51:27,280 - root - INFO -[步骤信息]:等待结束，等待开始时间：1598845887.2554448，结束等待时间：1598845887.279379等待时间长为: 0.023934125900268555
2020-08-31 11:51:27,452 - root - INFO -[步骤信息]:=====执行输入操作======
输入的数据为：123qwe
2020-08-31 11:51:27,458 - root - INFO -[步骤信息]:当前元素定位类型：xpath，当前查找的元素表达式为：//input[@placeholder="输入密码"]
2020-08-31 11:51:27,459 - root - INFO -[步骤信息]:开始等待元素在当前页面可见。
2020-08-31 11:51:27,483 - root - INFO -[步骤信息]:等待结束，等待开始时间：1598845887.4598963，结束等待时间：1598845887.482834等待时间长为: 0.022937774658203125
2020-08-31 11:51:27,567 - root - INFO -[步骤信息]:=====执行点击事件======
2020-08-31 11:51:27,567 - root - INFO -[步骤信息]:当前元素定位类型：xpath，当前查找的元素表达式为：//span[text()="登 录"]/..
2020-08-31 11:51:27,568 - root - INFO -[步骤信息]:开始等待元素在当前页面可见。
2020-08-31 11:51:27,587 - root - INFO -[步骤信息]:等待结束，等待开始时间：1598845887.5686047，结束等待时间：1598845887.5865574等待时间长为: 0.017952680587768555
2020-08-31 11:51:27,634 - root - INFO -[步骤信息]:********登录功能_正常测试用例执行完成*******
2020-08-31 11:51:27,638 - root - INFO -[步骤信息]:=====获取元素的文本内容======
2020-08-31 11:51:27,639 - root - INFO -[步骤信息]:当前元素定位类型：xpath，当前查找的元素表达式为：//span[@class="username"]
2020-08-31 11:51:27,639 - root - INFO -[步骤信息]:开始等待元素在当前页面可见。
2020-08-31 11:51:30,350 - root - INFO -[步骤信息]:等待结束，等待开始时间：1598845887.6394167，结束等待时间：1598845890.350198等待时间长为: 2.7107813358306885
2020-08-31 11:51:30,381 - root - INFO -[步骤信息]:*******开始进行结果校验*********
2020-08-31 11:51:42,335 - root - INFO -[步骤信息]:*******开始执行登录功能_异常测试_用户名为空测试用例******
2020-08-31 11:51:42,370 - root - INFO -[步骤信息]:=====执行输入操作======
输入的数据为：
2020-08-31 11:51:42,371 - root - INFO -[步骤信息]:当前元素定位类型：xpath，当前查找的元素表达式为：//input[@placeholder="输入用户名"]
2020-08-31 11:51:42,371 - root - INFO -[步骤信息]:开始等待元素在当前页面可见。
2020-08-31 11:51:42,395 - root - INFO -[步骤信息]:等待结束，等待开始时间：1598845902.372028，结束等待时间：1598845902.3949673等待时间长为: 0.022939205169677734
2020-08-31 11:51:42,436 - root - INFO -[步骤信息]:=====执行输入操作======
输入的数据为：1234
2020-08-31 11:51:42,437 - root - INFO -[步骤信息]:当前元素定位类型：xpath，当前查找的元素表达式为：//input[@placeholder="输入密码"]
2020-08-31 11:51:42,437 - root - INFO -[步骤信息]:开始等待元素在当前页面可见。
2020-08-31 11:51:42,462 - root - INFO -[步骤信息]:等待结束，等待开始时间：1598845902.4388502，结束等待时间：1598845902.4617884等待时间长为: 0.022938251495361328
2020-08-31 11:51:42,541 - root - INFO -[步骤信息]:=====执行点击事件======
2020-08-31 11:51:42,542 - root - INFO -[步骤信息]:当前元素定位类型：xpath，当前查找的元素表达式为：//span[text()="登 录"]/..
2020-08-31 11:51:42,543 - root - INFO -[步骤信息]:开始等待元素在当前页面可见。
2020-08-31 11:51:42,562 - root - INFO -[步骤信息]:等待结束，等待开始时间：1598845902.5435703，结束等待时间：1598845902.5625193等待时间长为: 0.018949031829833984
2020-08-31 11:51:42,603 - root - INFO -[步骤信息]:********登录功能_异常测试_用户名为空用例执行完成*******
2020-08-31 11:51:42,608 - root - INFO -[步骤信息]:=====获取元素的文本内容======
2020-08-31 11:51:42,608 - root - INFO -[步骤信息]:当前元素定位类型：xpath，当前查找的元素表达式为：(//div[@class="ant-form-explain"])[1]
2020-08-31 11:51:42,609 - root - INFO -[步骤信息]:开始等待元素在当前页面可见。
2020-08-31 11:51:43,673 - root - INFO -[步骤信息]:等待结束，等待开始时间：1598845902.6094227，结束等待时间：1598845903.6725814等待时间长为: 1.0631587505340576
2020-08-31 11:51:43,692 - root - INFO -[步骤信息]:=====获取元素的文本内容======
2020-08-31 11:51:43,692 - root - INFO -[步骤信息]:当前元素定位类型：xpath，当前查找的元素表达式为：(//div[@class="ant-form-explain"])[2]
2020-08-31 11:51:43,693 - root - INFO -[步骤信息]:开始等待元素在当前页面可见。
2020-08-31 11:51:46,717 - root - ERROR -[步骤信息]:等待元素超时.截取当前页面。
2020-08-31 11:51:47,076 - root - INFO -[步骤信息]:已截取当前页面，文件路径：D:\AutoTest\ZHAF\ScreenShots\2020-08-31_截图目录\等待元素失败-2020-08-31_11_51_46.png
2020-08-31 11:51:47,077 - root - INFO -[步骤信息]:*******开始进行结果校验*********
2020-08-31 11:51:58,538 - root - INFO -[步骤信息]:*******开始执行登录功能_异常测试_密码为空测试用例******
2020-08-31 11:51:58,575 - root - INFO -[步骤信息]:=====执行输入操作======
输入的数据为：securityAdmin
2020-08-31 11:51:58,576 - root - INFO -[步骤信息]:当前元素定位类型：xpath，当前查找的元素表达式为：//input[@placeholder="输入用户名"]
2020-08-31 11:51:58,577 - root - INFO -[步骤信息]:开始等待元素在当前页面可见。
2020-08-31 11:51:58,601 - root - INFO -[步骤信息]:等待结束，等待开始时间：1598845918.577704，结束等待时间：1598845918.600642等待时间长为: 0.022938013076782227
2020-08-31 11:51:58,707 - root - INFO -[步骤信息]:=====执行输入操作======
输入的数据为：
2020-08-31 11:51:58,708 - root - INFO -[步骤信息]:当前元素定位类型：xpath，当前查找的元素表达式为：//input[@placeholder="输入密码"]
2020-08-31 11:51:58,709 - root - INFO -[步骤信息]:开始等待元素在当前页面可见。
2020-08-31 11:51:58,733 - root - INFO -[步骤信息]:等待结束，等待开始时间：1598845918.7093523，结束等待时间：1598845918.732291等待时间长为: 0.02293872833251953
2020-08-31 11:51:58,778 - root - INFO -[步骤信息]:=====执行点击事件======
2020-08-31 11:51:58,779 - root - INFO -[步骤信息]:当前元素定位类型：xpath，当前查找的元素表达式为：//span[text()="登 录"]/..
2020-08-31 11:51:58,779 - root - INFO -[步骤信息]:开始等待元素在当前页面可见。
2020-08-31 11:51:58,798 - root - INFO -[步骤信息]:等待结束，等待开始时间：1598845918.7801619，结束等待时间：1598845918.797116等待时间长为: 0.01695418357849121
2020-08-31 11:51:58,841 - root - INFO -[步骤信息]:********登录功能_异常测试_密码为空用例执行完成*******
2020-08-31 11:51:58,845 - root - INFO -[步骤信息]:=====获取元素的文本内容======
2020-08-31 11:51:58,846 - root - INFO -[步骤信息]:当前元素定位类型：xpath，当前查找的元素表达式为：(//div[@class="ant-form-explain"])[1]
2020-08-31 11:51:58,846 - root - INFO -[步骤信息]:开始等待元素在当前页面可见。
2020-08-31 11:51:59,873 - root - INFO -[步骤信息]:等待结束，等待开始时间：1598845918.8469832，结束等待时间：1598845919.8722425等待时间长为: 1.025259256362915
2020-08-31 11:51:59,890 - root - INFO -[步骤信息]:=====获取元素的文本内容======
2020-08-31 11:51:59,891 - root - INFO -[步骤信息]:当前元素定位类型：xpath，当前查找的元素表达式为：(//div[@class="ant-form-explain"])[2]
2020-08-31 11:51:59,891 - root - INFO -[步骤信息]:开始等待元素在当前页面可见。
2020-08-31 11:52:02,915 - root - ERROR -[步骤信息]:等待元素超时.截取当前页面。
2020-08-31 11:52:03,234 - root - INFO -[步骤信息]:已截取当前页面，文件路径：D:\AutoTest\ZHAF\ScreenShots\2020-08-31_截图目录\等待元素失败-2020-08-31_11_52_02.png
2020-08-31 11:52:03,235 - root - INFO -[步骤信息]:*******开始进行结果校验*********
2020-08-31 11:52:14,787 - root - INFO -[步骤信息]:*******开始执行登录功能_异常测试_用户名错误测试用例******
2020-08-31 11:52:14,822 - root - INFO -[步骤信息]:=====执行输入操作======
输入的数据为：security
2020-08-31 11:52:14,823 - root - INFO -[步骤信息]:当前元素定位类型：xpath，当前查找的元素表达式为：//input[@placeholder="输入用户名"]
2020-08-31 11:52:14,824 - root - INFO -[步骤信息]:开始等待元素在当前页面可见。
2020-08-31 11:52:14,848 - root - INFO -[步骤信息]:等待结束，等待开始时间：1598845934.8242679，结束等待时间：1598845934.8482037等待时间长为: 0.023935794830322266
2020-08-31 11:52:14,937 - root - INFO -[步骤信息]:=====执行输入操作======
输入的数据为：123
2020-08-31 11:52:14,938 - root - INFO -[步骤信息]:当前元素定位类型：xpath，当前查找的元素表达式为：//input[@placeholder="输入密码"]
2020-08-31 11:52:14,939 - root - INFO -[步骤信息]:开始等待元素在当前页面可见。
2020-08-31 11:52:14,962 - root - INFO -[步骤信息]:等待结束，等待开始时间：1598845934.9409585，结束等待时间：1598845934.961901等待时间长为: 0.02094244956970215
2020-08-31 11:52:15,019 - root - INFO -[步骤信息]:=====执行点击事件======
2020-08-31 11:52:15,020 - root - INFO -[步骤信息]:当前元素定位类型：xpath，当前查找的元素表达式为：//span[text()="登 录"]/..
2020-08-31 11:52:15,021 - root - INFO -[步骤信息]:开始等待元素在当前页面可见。
2020-08-31 11:52:15,039 - root - INFO -[步骤信息]:等待结束，等待开始时间：1598845935.0217412，结束等待时间：1598845935.0396929等待时间长为: 0.01795172691345215
2020-08-31 11:52:15,087 - root - INFO -[步骤信息]:********登录功能_异常测试_用户名错误用例执行完成*******
2020-08-31 11:52:15,091 - root - INFO -[步骤信息]:=====获取元素的文本内容======
2020-08-31 11:52:15,092 - root - INFO -[步骤信息]:当前元素定位类型：xpath，当前查找的元素表达式为：(//div[@class="ant-form-explain"])[1]
2020-08-31 11:52:15,092 - root - INFO -[步骤信息]:开始等待元素在当前页面可见。
2020-08-31 11:52:16,118 - root - INFO -[步骤信息]:等待结束，等待开始时间：1598845935.0935483，结束等待时间：1598845936.118807等待时间长为: 1.0252587795257568
2020-08-31 11:52:16,136 - root - INFO -[步骤信息]:=====获取元素的文本内容======
2020-08-31 11:52:16,137 - root - INFO -[步骤信息]:当前元素定位类型：xpath，当前查找的元素表达式为：(//div[@class="ant-form-explain"])[2]
2020-08-31 11:52:16,137 - root - INFO -[步骤信息]:开始等待元素在当前页面可见。
2020-08-31 11:52:16,157 - root - INFO -[步骤信息]:等待结束，等待开始时间：1598845936.1387548，结束等待时间：1598845936.1567054等待时间长为: 0.01795053482055664
2020-08-31 11:52:16,174 - root - INFO -[步骤信息]:*******开始进行结果校验*********
2020-08-31 11:52:27,039 - root - INFO -[步骤信息]:*******开始执行登录功能_异常测试_密码错误测试用例******
2020-08-31 11:52:27,076 - root - INFO -[步骤信息]:=====执行输入操作======
输入的数据为：securityAdmin
2020-08-31 11:52:27,077 - root - INFO -[步骤信息]:当前元素定位类型：xpath，当前查找的元素表达式为：//input[@placeholder="输入用户名"]
2020-08-31 11:52:27,077 - root - INFO -[步骤信息]:开始等待元素在当前页面可见。
2020-08-31 11:52:27,105 - root - INFO -[步骤信息]:等待结束，等待开始时间：1598845947.077537，结束等待时间：1598845947.1054587等待时间长为: 0.027921676635742188
2020-08-31 11:52:27,215 - root - INFO -[步骤信息]:=====执行输入操作======
输入的数据为：123
2020-08-31 11:52:27,216 - root - INFO -[步骤信息]:当前元素定位类型：xpath，当前查找的元素表达式为：//input[@placeholder="输入密码"]
2020-08-31 11:52:27,217 - root - INFO -[步骤信息]:开始等待元素在当前页面可见。
2020-08-31 11:52:27,240 - root - INFO -[步骤信息]:等待结束，等待开始时间：1598845947.217137，结束等待时间：1598845947.2400744等待时间长为: 0.022937297821044922
2020-08-31 11:52:27,299 - root - INFO -[步骤信息]:=====执行点击事件======
2020-08-31 11:52:27,300 - root - INFO -[步骤信息]:当前元素定位类型：xpath，当前查找的元素表达式为：//span[text()="登 录"]/..
2020-08-31 11:52:27,300 - root - INFO -[步骤信息]:开始等待元素在当前页面可见。
2020-08-31 11:52:27,320 - root - INFO -[步骤信息]:等待结束，等待开始时间：1598845947.3019087，结束等待时间：1598845947.3198624等待时间长为: 0.01795363426208496
2020-08-31 11:52:27,363 - root - INFO -[步骤信息]:********登录功能_异常测试_密码错误用例执行完成*******
2020-08-31 11:52:27,367 - root - INFO -[步骤信息]:=====获取元素的文本内容======
2020-08-31 11:52:27,368 - root - INFO -[步骤信息]:当前元素定位类型：xpath，当前查找的元素表达式为：(//div[@class="ant-form-explain"])[1]
2020-08-31 11:52:27,368 - root - INFO -[步骤信息]:开始等待元素在当前页面可见。
2020-08-31 11:52:28,395 - root - INFO -[步骤信息]:等待结束，等待开始时间：1598845947.3697286，结束等待时间：1598845948.3959844等待时间长为: 1.0262558460235596
2020-08-31 11:52:28,413 - root - INFO -[步骤信息]:=====获取元素的文本内容======
2020-08-31 11:52:28,413 - root - INFO -[步骤信息]:当前元素定位类型：xpath，当前查找的元素表达式为：(//div[@class="ant-form-explain"])[2]
2020-08-31 11:52:28,414 - root - INFO -[步骤信息]:开始等待元素在当前页面可见。
2020-08-31 11:52:28,433 - root - INFO -[步骤信息]:等待结束，等待开始时间：1598845948.4149623，结束等待时间：1598845948.432885等待时间长为: 0.017922639846801758
2020-08-31 11:52:28,450 - root - INFO -[步骤信息]:*******开始进行结果校验*********
2020-08-31 17:06:12,827 - root - INFO -[步骤信息]:*******开始执行登录功能_正常测试测试用例******
2020-08-31 17:06:12,901 - root - INFO -[步骤信息]:=====执行输入操作======
输入的数据为：securityAdmin
2020-08-31 17:06:12,902 - root - INFO -[步骤信息]:当前元素定位类型：xpath，当前查找的元素表达式为：//input[@placeholder="输入用户名"]
2020-08-31 17:06:12,903 - root - INFO -[步骤信息]:开始等待元素在当前页面可见。
2020-08-31 17:06:12,928 - root - INFO -[步骤信息]:等待结束，等待开始时间：1598864772.9034994，结束等待时间：1598864772.927437等待时间长为: 0.023937702178955078
2020-08-31 17:06:13,068 - root - INFO -[步骤信息]:=====执行输入操作======
输入的数据为：123qwe
2020-08-31 17:06:13,069 - root - INFO -[步骤信息]:当前元素定位类型：xpath，当前查找的元素表达式为：//input[@placeholder="输入密码"]
2020-08-31 17:06:13,070 - root - INFO -[步骤信息]:开始等待元素在当前页面可见。
2020-08-31 17:06:13,093 - root - INFO -[步骤信息]:等待结束，等待开始时间：1598864773.0700552，结束等待时间：1598864773.092994等待时间长为: 0.02293872833251953
2020-08-31 17:06:13,163 - root - INFO -[步骤信息]:=====执行点击事件======
2020-08-31 17:06:13,163 - root - INFO -[步骤信息]:当前元素定位类型：xpath，当前查找的元素表达式为：//span[text()="登 录"]/..
2020-08-31 17:06:13,164 - root - INFO -[步骤信息]:开始等待元素在当前页面可见。
2020-08-31 17:06:13,183 - root - INFO -[步骤信息]:等待结束，等待开始时间：1598864773.1648004，结束等待时间：1598864773.1837504等待时间长为: 0.01894998550415039
2020-08-31 17:06:13,233 - root - INFO -[步骤信息]:********登录功能_正常测试用例执行完成*******
2020-08-31 17:06:13,238 - root - INFO -[步骤信息]:=====获取元素的文本内容======
2020-08-31 17:06:13,238 - root - INFO -[步骤信息]:当前元素定位类型：xpath，当前查找的元素表达式为：//span[@class="username"]
2020-08-31 17:06:13,239 - root - INFO -[步骤信息]:开始等待元素在当前页面可见。
2020-08-31 17:06:15,903 - root - INFO -[步骤信息]:等待结束，等待开始时间：1598864773.2396011，结束等待时间：1598864775.903477等待时间长为: 2.6638758182525635
2020-08-31 17:06:15,926 - root - INFO -[步骤信息]:*******开始进行结果校验*********
2020-08-31 17:06:27,552 - root - INFO -[步骤信息]:*******开始执行登录功能_异常测试_用户名为空测试用例******
2020-08-31 17:06:27,590 - root - INFO -[步骤信息]:=====执行输入操作======
输入的数据为：
2020-08-31 17:06:27,591 - root - INFO -[步骤信息]:当前元素定位类型：xpath，当前查找的元素表达式为：//input[@placeholder="输入用户名"]
2020-08-31 17:06:27,592 - root - INFO -[步骤信息]:开始等待元素在当前页面可见。
2020-08-31 17:06:27,617 - root - INFO -[步骤信息]:等待结束，等待开始时间：1598864787.5922177，结束等待时间：1598864787.6161551等待时间长为: 0.023937463760375977
2020-08-31 17:06:27,659 - root - INFO -[步骤信息]:=====执行输入操作======
输入的数据为：1234
2020-08-31 17:06:27,660 - root - INFO -[步骤信息]:当前元素定位类型：xpath，当前查找的元素表达式为：//input[@placeholder="输入密码"]
2020-08-31 17:06:27,661 - root - INFO -[步骤信息]:开始等待元素在当前页面可见。
2020-08-31 17:06:27,683 - root - INFO -[步骤信息]:等待结束，等待开始时间：1598864787.6610334，结束等待时间：1598864787.6829748等待时间长为: 0.021941423416137695
2020-08-31 17:06:27,765 - root - INFO -[步骤信息]:=====执行点击事件======
2020-08-31 17:06:27,765 - root - INFO -[步骤信息]:当前元素定位类型：xpath，当前查找的元素表达式为：//span[text()="登 录"]/..
2020-08-31 17:06:27,766 - root - INFO -[步骤信息]:开始等待元素在当前页面可见。
2020-08-31 17:06:27,788 - root - INFO -[步骤信息]:等待结束，等待开始时间：1598864787.767748，结束等待时间：1598864787.787695等待时间长为: 0.019946813583374023
2020-08-31 17:06:27,835 - root - INFO -[步骤信息]:********登录功能_异常测试_用户名为空用例执行完成*******
2020-08-31 17:06:27,838 - root - INFO -[步骤信息]:=====获取元素的文本内容======
2020-08-31 17:06:27,839 - root - INFO -[步骤信息]:当前元素定位类型：xpath，当前查找的元素表达式为：(//div[@class="ant-form-explain"])[1]
2020-08-31 17:06:27,840 - root - INFO -[步骤信息]:开始等待元素在当前页面可见。
2020-08-31 17:06:28,866 - root - INFO -[步骤信息]:等待结束，等待开始时间：1598864787.8405533，结束等待时间：1598864788.8668094等待时间长为: 1.0262560844421387
2020-08-31 17:06:28,883 - root - INFO -[步骤信息]:=====获取元素的文本内容======
2020-08-31 17:06:28,884 - root - INFO -[步骤信息]:当前元素定位类型：xpath，当前查找的元素表达式为：(//div[@class="ant-form-explain"])[2]
2020-08-31 17:06:28,885 - root - INFO -[步骤信息]:开始等待元素在当前页面可见。
2020-08-31 17:06:31,918 - root - ERROR -[步骤信息]:等待元素超时.截取当前页面。
2020-08-31 17:06:32,267 - root - INFO -[步骤信息]:已截取当前页面，文件路径：D:\AutoTest\ZHAF\ScreenShots\2020-08-31_截图目录\等待元素失败-2020-08-31_17_06_31.png
2020-08-31 17:06:32,267 - root - INFO -[步骤信息]:*******开始进行结果校验*********
2020-08-31 17:06:43,701 - root - INFO -[步骤信息]:*******开始执行登录功能_异常测试_密码为空测试用例******
2020-08-31 17:06:43,739 - root - INFO -[步骤信息]:=====执行输入操作======
输入的数据为：securityAdmin
2020-08-31 17:06:43,739 - root - INFO -[步骤信息]:当前元素定位类型：xpath，当前查找的元素表达式为：//input[@placeholder="输入用户名"]
2020-08-31 17:06:43,740 - root - INFO -[步骤信息]:开始等待元素在当前页面可见。
2020-08-31 17:06:43,763 - root - INFO -[步骤信息]:等待结束，等待开始时间：1598864803.7400343，结束等待时间：1598864803.762972等待时间长为: 0.022937774658203125
2020-08-31 17:06:43,885 - root - INFO -[步骤信息]:=====执行输入操作======
输入的数据为：
2020-08-31 17:06:43,886 - root - INFO -[步骤信息]:当前元素定位类型：xpath，当前查找的元素表达式为：//input[@placeholder="输入密码"]
2020-08-31 17:06:43,887 - root - INFO -[步骤信息]:开始等待元素在当前页面可见。
2020-08-31 17:06:43,913 - root - INFO -[步骤信息]:等待结束，等待开始时间：1598864803.8886375，结束等待时间：1598864803.912573等待时间长为: 0.023935556411743164
2020-08-31 17:06:43,956 - root - INFO -[步骤信息]:=====执行点击事件======
2020-08-31 17:06:43,957 - root - INFO -[步骤信息]:当前元素定位类型：xpath，当前查找的元素表达式为：//span[text()="登 录"]/..
2020-08-31 17:06:43,957 - root - INFO -[步骤信息]:开始等待元素在当前页面可见。
2020-08-31 17:06:43,977 - root - INFO -[步骤信息]:等待结束，等待开始时间：1598864803.9584494，结束等待时间：1598864803.9764016等待时间长为: 0.01795220375061035
2020-08-31 17:06:44,020 - root - INFO -[步骤信息]:********登录功能_异常测试_密码为空用例执行完成*******
2020-08-31 17:06:44,023 - root - INFO -[步骤信息]:=====获取元素的文本内容======
2020-08-31 17:06:44,023 - root - INFO -[步骤信息]:当前元素定位类型：xpath，当前查找的元素表达式为：(//div[@class="ant-form-explain"])[1]
2020-08-31 17:06:44,024 - root - INFO -[步骤信息]:开始等待元素在当前页面可见。
2020-08-31 17:06:45,050 - root - INFO -[步骤信息]:等待结束，等待开始时间：1598864804.024273，结束等待时间：1598864805.0495322等待时间长为: 1.025259256362915
2020-08-31 17:06:45,067 - root - INFO -[步骤信息]:=====获取元素的文本内容======
2020-08-31 17:06:45,068 - root - INFO -[步骤信息]:当前元素定位类型：xpath，当前查找的元素表达式为：(//div[@class="ant-form-explain"])[2]
2020-08-31 17:06:45,069 - root - INFO -[步骤信息]:开始等待元素在当前页面可见。
2020-08-31 17:06:48,096 - root - ERROR -[步骤信息]:等待元素超时.截取当前页面。
2020-08-31 17:06:48,390 - root - INFO -[步骤信息]:已截取当前页面，文件路径：D:\AutoTest\ZHAF\ScreenShots\2020-08-31_截图目录\等待元素失败-2020-08-31_17_06_48.png
2020-08-31 17:06:48,390 - root - INFO -[步骤信息]:*******开始进行结果校验*********
2020-08-31 17:06:59,524 - root - INFO -[步骤信息]:*******开始执行登录功能_异常测试_用户名错误测试用例******
2020-08-31 17:06:59,558 - root - INFO -[步骤信息]:=====执行输入操作======
输入的数据为：security
2020-08-31 17:06:59,558 - root - INFO -[步骤信息]:当前元素定位类型：xpath，当前查找的元素表达式为：//input[@placeholder="输入用户名"]
2020-08-31 17:06:59,559 - root - INFO -[步骤信息]:开始等待元素在当前页面可见。
2020-08-31 17:06:59,584 - root - INFO -[步骤信息]:等待结束，等待开始时间：1598864819.5597272，结束等待时间：1598864819.5846605等待时间长为: 0.024933338165283203
2020-08-31 17:06:59,671 - root - INFO -[步骤信息]:=====执行输入操作======
输入的数据为：123
2020-08-31 17:06:59,672 - root - INFO -[步骤信息]:当前元素定位类型：xpath，当前查找的元素表达式为：//input[@placeholder="输入密码"]
2020-08-31 17:06:59,673 - root - INFO -[步骤信息]:开始等待元素在当前页面可见。
2020-08-31 17:06:59,697 - root - INFO -[步骤信息]:等待结束，等待开始时间：1598864819.6734285，结束等待时间：1598864819.6963618等待时间长为: 0.022933244705200195
2020-08-31 17:06:59,756 - root - INFO -[步骤信息]:=====执行点击事件======
2020-08-31 17:06:59,757 - root - INFO -[步骤信息]:当前元素定位类型：xpath，当前查找的元素表达式为：//span[text()="登 录"]/..
2020-08-31 17:06:59,757 - root - INFO -[步骤信息]:开始等待元素在当前页面可见。
2020-08-31 17:06:59,778 - root - INFO -[步骤信息]:等待结束，等待开始时间：1598864819.7571988，结束等待时间：1598864819.7781436等待时间长为: 0.020944833755493164
2020-08-31 17:06:59,825 - root - INFO -[步骤信息]:********登录功能_异常测试_用户名错误用例执行完成*******
2020-08-31 17:06:59,830 - root - INFO -[步骤信息]:=====获取元素的文本内容======
2020-08-31 17:06:59,831 - root - INFO -[步骤信息]:当前元素定位类型：xpath，当前查找的元素表达式为：(//div[@class="ant-form-explain"])[1]
2020-08-31 17:06:59,831 - root - INFO -[步骤信息]:开始等待元素在当前页面可见。
2020-08-31 17:07:00,858 - root - INFO -[步骤信息]:等待结束，等待开始时间：1598864819.8310015，结束等待时间：1598864820.8582542等待时间长为: 1.0272526741027832
2020-08-31 17:07:00,875 - root - INFO -[步骤信息]:=====获取元素的文本内容======
2020-08-31 17:07:00,876 - root - INFO -[步骤信息]:当前元素定位类型：xpath，当前查找的元素表达式为：(//div[@class="ant-form-explain"])[2]
2020-08-31 17:07:00,876 - root - INFO -[步骤信息]:开始等待元素在当前页面可见。
2020-08-31 17:07:00,894 - root - INFO -[步骤信息]:等待结束，等待开始时间：1598864820.877204，结束等待时间：1598864820.8941586等待时间长为: 0.016954660415649414
2020-08-31 17:07:00,910 - root - INFO -[步骤信息]:*******开始进行结果校验*********
2020-08-31 17:07:12,130 - root - INFO -[步骤信息]:*******开始执行登录功能_异常测试_密码错误测试用例******
2020-08-31 17:07:12,166 - root - INFO -[步骤信息]:=====执行输入操作======
输入的数据为：securityAdmin
2020-08-31 17:07:12,166 - root - INFO -[步骤信息]:当前元素定位类型：xpath，当前查找的元素表达式为：//input[@placeholder="输入用户名"]
2020-08-31 17:07:12,167 - root - INFO -[步骤信息]:开始等待元素在当前页面可见。
2020-08-31 17:07:12,190 - root - INFO -[步骤信息]:等待结束，等待开始时间：1598864832.167013，结束等待时间：1598864832.1909492等待时间长为: 0.02393627166748047
2020-08-31 17:07:12,302 - root - INFO -[步骤信息]:=====执行输入操作======
输入的数据为：123
2020-08-31 17:07:12,303 - root - INFO -[步骤信息]:当前元素定位类型：xpath，当前查找的元素表达式为：//input[@placeholder="输入密码"]
2020-08-31 17:07:12,304 - root - INFO -[步骤信息]:开始等待元素在当前页面可见。
2020-08-31 17:07:12,329 - root - INFO -[步骤信息]:等待结束，等待开始时间：1598864832.304645，结束等待时间：1598864832.3285794等待时间长为: 0.023934364318847656
2020-08-31 17:07:12,384 - root - INFO -[步骤信息]:=====执行点击事件======
2020-08-31 17:07:12,385 - root - INFO -[步骤信息]:当前元素定位类型：xpath，当前查找的元素表达式为：//span[text()="登 录"]/..
2020-08-31 17:07:12,386 - root - INFO -[步骤信息]:开始等待元素在当前页面可见。
2020-08-31 17:07:12,406 - root - INFO -[步骤信息]:等待结束，等待开始时间：1598864832.3864262，结束等待时间：1598864832.4063723等待时间长为: 0.01994609832763672
2020-08-31 17:07:12,451 - root - INFO -[步骤信息]:********登录功能_异常测试_密码错误用例执行完成*******
2020-08-31 17:07:12,456 - root - INFO -[步骤信息]:=====获取元素的文本内容======
2020-08-31 17:07:12,456 - root - INFO -[步骤信息]:当前元素定位类型：xpath，当前查找的元素表达式为：(//div[@class="ant-form-explain"])[1]
2020-08-31 17:07:12,457 - root - INFO -[步骤信息]:开始等待元素在当前页面可见。
2020-08-31 17:07:13,482 - root - INFO -[步骤信息]:等待结束，等待开始时间：1598864832.4572363，结束等待时间：1598864833.481496等待时间长为: 1.0242598056793213
2020-08-31 17:07:13,498 - root - INFO -[步骤信息]:=====获取元素的文本内容======
2020-08-31 17:07:13,499 - root - INFO -[步骤信息]:当前元素定位类型：xpath，当前查找的元素表达式为：(//div[@class="ant-form-explain"])[2]
2020-08-31 17:07:13,499 - root - INFO -[步骤信息]:开始等待元素在当前页面可见。
2020-08-31 17:07:13,518 - root - INFO -[步骤信息]:等待结束，等待开始时间：1598864833.4994483，结束等待时间：1598864833.5173998等待时间长为: 0.017951488494873047
2020-08-31 17:07:13,536 - root - INFO -[步骤信息]:*******开始进行结果校验*********
2020-08-31 17:11:08,099 - root - INFO -[步骤信息]:*******开始执行登录功能_正常测试测试用例******
2020-08-31 17:11:08,136 - root - INFO -[步骤信息]:=====执行输入操作======
输入的数据为：securityAdmin
2020-08-31 17:11:08,136 - root - INFO -[步骤信息]:当前元素定位类型：xpath，当前查找的元素表达式为：//input[@placeholder="输入用户名"]
2020-08-31 17:11:08,137 - root - INFO -[步骤信息]:开始等待元素在当前页面可见。
2020-08-31 17:11:08,161 - root - INFO -[步骤信息]:等待结束，等待开始时间：1598865068.1372566，结束等待时间：1598865068.1601963等待时间长为: 0.022939682006835938
2020-08-31 17:11:08,271 - root - INFO -[步骤信息]:=====执行输入操作======
输入的数据为：123qwe
2020-08-31 17:11:08,272 - root - INFO -[步骤信息]:当前元素定位类型：xpath，当前查找的元素表达式为：//input[@placeholder="输入密码"]
2020-08-31 17:11:08,274 - root - INFO -[步骤信息]:开始等待元素在当前页面可见。
2020-08-31 17:11:08,297 - root - INFO -[步骤信息]:等待结束，等待开始时间：1598865068.2748892，结束等待时间：1598865068.2978275等待时间长为: 0.022938251495361328
2020-08-31 17:11:08,368 - root - INFO -[步骤信息]:=====执行点击事件======
2020-08-31 17:11:08,368 - root - INFO -[步骤信息]:当前元素定位类型：xpath，当前查找的元素表达式为：//span[text()="登 录"]/..
2020-08-31 17:11:08,369 - root - INFO -[步骤信息]:开始等待元素在当前页面可见。
2020-08-31 17:11:08,387 - root - INFO -[步骤信息]:等待结束，等待开始时间：1598865068.3696353，结束等待时间：1598865068.3875878等待时间长为: 0.017952442169189453
2020-08-31 17:11:08,432 - root - INFO -[步骤信息]:********登录功能_正常测试用例执行完成*******
2020-08-31 17:11:08,437 - root - INFO -[步骤信息]:=====获取元素的文本内容======
2020-08-31 17:11:08,437 - root - INFO -[步骤信息]:当前元素定位类型：xpath，当前查找的元素表达式为：//span[@class="username"]
2020-08-31 17:11:08,438 - root - INFO -[步骤信息]:开始等待元素在当前页面可见。
2020-08-31 17:11:10,626 - root - INFO -[步骤信息]:等待结束，等待开始时间：1598865068.4384515，结束等待时间：1598865070.6265998等待时间长为: 2.188148260116577
2020-08-31 17:11:10,648 - root - INFO -[步骤信息]:*******开始进行结果校验*********
2020-08-31 17:11:21,787 - root - INFO -[步骤信息]:*******开始执行登录功能_异常测试_用户名为空测试用例******
2020-08-31 17:11:21,828 - root - INFO -[步骤信息]:=====执行输入操作======
输入的数据为：
2020-08-31 17:11:21,829 - root - INFO -[步骤信息]:当前元素定位类型：xpath，当前查找的元素表达式为：//input[@placeholder="输入用户名"]
2020-08-31 17:11:21,830 - root - INFO -[步骤信息]:开始等待元素在当前页面可见。
2020-08-31 17:11:21,854 - root - INFO -[步骤信息]:等待结束，等待开始时间：1598865081.8306367，结束等待时间：1598865081.8545732等待时间长为: 0.02393651008605957
2020-08-31 17:11:21,896 - root - INFO -[步骤信息]:=====执行输入操作======
输入的数据为：1234
2020-08-31 17:11:21,897 - root - INFO -[步骤信息]:当前元素定位类型：xpath，当前查找的元素表达式为：//input[@placeholder="输入密码"]
2020-08-31 17:11:21,897 - root - INFO -[步骤信息]:开始等待元素在当前页面可见。
2020-08-31 17:11:21,918 - root - INFO -[步骤信息]:等待结束，等待开始时间：1598865081.8974578，结束等待时间：1598865081.9184022等待时间长为: 0.02094435691833496
2020-08-31 17:11:22,000 - root - INFO -[步骤信息]:=====执行点击事件======
2020-08-31 17:11:22,000 - root - INFO -[步骤信息]:当前元素定位类型：xpath，当前查找的元素表达式为：//span[text()="登 录"]/..
2020-08-31 17:11:22,001 - root - INFO -[步骤信息]:开始等待元素在当前页面可见。
2020-08-31 17:11:22,022 - root - INFO -[步骤信息]:等待结束，等待开始时间：1598865082.0011811，结束等待时间：1598865082.0211277等待时间长为: 0.019946575164794922
2020-08-31 17:11:22,062 - root - INFO -[步骤信息]:********登录功能_异常测试_用户名为空用例执行完成*******
2020-08-31 17:11:22,066 - root - INFO -[步骤信息]:=====获取元素的文本内容======
2020-08-31 17:11:22,067 - root - INFO -[步骤信息]:当前元素定位类型：xpath，当前查找的元素表达式为：(//div[@class="ant-form-explain"])[1]
2020-08-31 17:11:22,067 - root - INFO -[步骤信息]:开始等待元素在当前页面可见。
2020-08-31 17:11:23,095 - root - INFO -[步骤信息]:等待结束，等待开始时间：1598865082.0670047，结束等待时间：1598865083.0942578等待时间长为: 1.0272531509399414
2020-08-31 17:11:23,111 - root - INFO -[步骤信息]:=====获取元素的文本内容======
2020-08-31 17:11:23,112 - root - INFO -[步骤信息]:当前元素定位类型：xpath，当前查找的元素表达式为：(//div[@class="ant-form-explain"])[2]
2020-08-31 17:11:23,112 - root - INFO -[步骤信息]:开始等待元素在当前页面可见。
2020-08-31 17:11:26,139 - root - ERROR -[步骤信息]:等待元素超时.截取当前页面。
2020-08-31 17:11:26,431 - root - INFO -[步骤信息]:已截取当前页面，文件路径：D:\AutoTest\ZHAF\ScreenShots\2020-08-31_截图目录\等待元素失败-2020-08-31_17_11_26.png
2020-08-31 17:11:26,432 - root - INFO -[步骤信息]:*******开始进行结果校验*********
2020-08-31 17:11:37,357 - root - INFO -[步骤信息]:*******开始执行登录功能_异常测试_密码为空测试用例******
2020-08-31 17:11:37,391 - root - INFO -[步骤信息]:=====执行输入操作======
输入的数据为：securityAdmin
2020-08-31 17:11:37,392 - root - INFO -[步骤信息]:当前元素定位类型：xpath，当前查找的元素表达式为：//input[@placeholder="输入用户名"]
2020-08-31 17:11:37,393 - root - INFO -[步骤信息]:开始等待元素在当前页面可见。
2020-08-31 17:11:37,415 - root - INFO -[步骤信息]:等待结束，等待开始时间：1598865097.393018，结束等待时间：1598865097.4149597等待时间长为: 0.021941661834716797
2020-08-31 17:11:37,525 - root - INFO -[步骤信息]:=====执行输入操作======
输入的数据为：
2020-08-31 17:11:37,526 - root - INFO -[步骤信息]:当前元素定位类型：xpath，当前查找的元素表达式为：//input[@placeholder="输入密码"]
2020-08-31 17:11:37,527 - root - INFO -[步骤信息]:开始等待元素在当前页面可见。
2020-08-31 17:11:37,549 - root - INFO -[步骤信息]:等待结束，等待开始时间：1598865097.527661，结束等待时间：1598865097.5486033等待时间长为: 0.020942211151123047
2020-08-31 17:11:37,594 - root - INFO -[步骤信息]:=====执行点击事件======
2020-08-31 17:11:37,595 - root - INFO -[步骤信息]:当前元素定位类型：xpath，当前查找的元素表达式为：//span[text()="登 录"]/..
2020-08-31 17:11:37,595 - root - INFO -[步骤信息]:开始等待元素在当前页面可见。
2020-08-31 17:11:37,614 - root - INFO -[步骤信息]:等待结束，等待开始时间：1598865097.5964742，结束等待时间：1598865097.6144266等待时间长为: 0.017952442169189453
2020-08-31 17:11:37,661 - root - INFO -[步骤信息]:********登录功能_异常测试_密码为空用例执行完成*******
2020-08-31 17:11:37,664 - root - INFO -[步骤信息]:=====获取元素的文本内容======
2020-08-31 17:11:37,665 - root - INFO -[步骤信息]:当前元素定位类型：xpath，当前查找的元素表达式为：(//div[@class="ant-form-explain"])[1]
2020-08-31 17:11:37,666 - root - INFO -[步骤信息]:开始等待元素在当前页面可见。
2020-08-31 17:11:38,693 - root - INFO -[步骤信息]:等待结束，等待开始时间：1598865097.6662881，结束等待时间：1598865098.6935408等待时间长为: 1.0272526741027832
2020-08-31 17:11:38,711 - root - INFO -[步骤信息]:=====获取元素的文本内容======
2020-08-31 17:11:38,712 - root - INFO -[步骤信息]:当前元素定位类型：xpath，当前查找的元素表达式为：(//div[@class="ant-form-explain"])[2]
2020-08-31 17:11:38,712 - root - INFO -[步骤信息]:开始等待元素在当前页面可见。
2020-08-31 17:11:41,750 - root - ERROR -[步骤信息]:等待元素超时.截取当前页面。
2020-08-31 17:11:42,055 - root - INFO -[步骤信息]:已截取当前页面，文件路径：D:\AutoTest\ZHAF\ScreenShots\2020-08-31_截图目录\等待元素失败-2020-08-31_17_11_41.png
2020-08-31 17:11:42,055 - root - INFO -[步骤信息]:*******开始进行结果校验*********
2020-08-31 17:11:53,061 - root - INFO -[步骤信息]:*******开始执行登录功能_异常测试_用户名错误测试用例******
2020-08-31 17:11:53,099 - root - INFO -[步骤信息]:=====执行输入操作======
输入的数据为：security
2020-08-31 17:11:53,100 - root - INFO -[步骤信息]:当前元素定位类型：xpath，当前查找的元素表达式为：//input[@placeholder="输入用户名"]
2020-08-31 17:11:53,101 - root - INFO -[步骤信息]:开始等待元素在当前页面可见。
2020-08-31 17:11:53,125 - root - INFO -[步骤信息]:等待结束，等待开始时间：1598865113.1010103，结束等待时间：1598865113.125944等待时间长为: 0.024933576583862305
2020-08-31 17:11:53,217 - root - INFO -[步骤信息]:=====执行输入操作======
输入的数据为：123
2020-08-31 17:11:53,218 - root - INFO -[步骤信息]:当前元素定位类型：xpath，当前查找的元素表达式为：//input[@placeholder="输入密码"]
2020-08-31 17:11:53,218 - root - INFO -[步骤信息]:开始等待元素在当前页面可见。
2020-08-31 17:11:53,241 - root - INFO -[步骤信息]:等待结束，等待开始时间：1598865113.2196944，结束等待时间：1598865113.2406373等待时间长为: 0.02094292640686035
2020-08-31 17:11:53,299 - root - INFO -[步骤信息]:=====执行点击事件======
2020-08-31 17:11:53,299 - root - INFO -[步骤信息]:当前元素定位类型：xpath，当前查找的元素表达式为：//span[text()="登 录"]/..
2020-08-31 17:11:53,300 - root - INFO -[步骤信息]:开始等待元素在当前页面可见。
2020-08-31 17:11:53,318 - root - INFO -[步骤信息]:等待结束，等待开始时间：1598865113.3004777，结束等待时间：1598865113.3184295等待时间长为: 0.01795172691345215
2020-08-31 17:11:53,362 - root - INFO -[步骤信息]:********登录功能_异常测试_用户名错误用例执行完成*******
2020-08-31 17:11:53,367 - root - INFO -[步骤信息]:=====获取元素的文本内容======
2020-08-31 17:11:53,367 - root - INFO -[步骤信息]:当前元素定位类型：xpath，当前查找的元素表达式为：(//div[@class="ant-form-explain"])[1]
2020-08-31 17:11:53,368 - root - INFO -[步骤信息]:开始等待元素在当前页面可见。
2020-08-31 17:11:54,393 - root - INFO -[步骤信息]:等待结束，等待开始时间：1598865113.368296，结束等待时间：1598865114.3925562等待时间长为: 1.0242602825164795
2020-08-31 17:11:54,409 - root - INFO -[步骤信息]:=====获取元素的文本内容======
2020-08-31 17:11:54,410 - root - INFO -[步骤信息]:当前元素定位类型：xpath，当前查找的元素表达式为：(//div[@class="ant-form-explain"])[2]
2020-08-31 17:11:54,410 - root - INFO -[步骤信息]:开始等待元素在当前页面可见。
2020-08-31 17:11:54,429 - root - INFO -[步骤信息]:等待结束，等待开始时间：1598865114.4105084，结束等待时间：1598865114.4284604等待时间长为: 0.01795196533203125
2020-08-31 17:11:54,443 - root - INFO -[步骤信息]:*******开始进行结果校验*********
2020-08-31 17:12:05,723 - root - INFO -[步骤信息]:*******开始执行登录功能_异常测试_密码错误测试用例******
2020-08-31 17:12:05,758 - root - INFO -[步骤信息]:=====执行输入操作======
输入的数据为：securityAdmin
2020-08-31 17:12:05,759 - root - INFO -[步骤信息]:当前元素定位类型：xpath，当前查找的元素表达式为：//input[@placeholder="输入用户名"]
2020-08-31 17:12:05,760 - root - INFO -[步骤信息]:开始等待元素在当前页面可见。
2020-08-31 17:12:05,784 - root - INFO -[步骤信息]:等待结束，等待开始时间：1598865125.7601564，结束等待时间：1598865125.7830966等待时间长为: 0.02294015884399414
2020-08-31 17:12:05,891 - root - INFO -[步骤信息]:=====执行输入操作======
输入的数据为：123
2020-08-31 17:12:05,892 - root - INFO -[步骤信息]:当前元素定位类型：xpath，当前查找的元素表达式为：//input[@placeholder="输入密码"]
2020-08-31 17:12:05,893 - root - INFO -[步骤信息]:开始等待元素在当前页面可见。
2020-08-31 17:12:05,916 - root - INFO -[步骤信息]:等待结束，等待开始时间：1598865125.8938017，结束等待时间：1598865125.916738等待时间长为: 0.022936344146728516
2020-08-31 17:12:05,975 - root - INFO -[步骤信息]:=====执行点击事件======
2020-08-31 17:12:05,975 - root - INFO -[步骤信息]:当前元素定位类型：xpath，当前查找的元素表达式为：//span[text()="登 录"]/..
2020-08-31 17:12:05,976 - root - INFO -[步骤信息]:开始等待元素在当前页面可见。
2020-08-31 17:12:05,995 - root - INFO -[步骤信息]:等待结束，等待开始时间：1598865125.9765778，结束等待时间：1598865125.9955275等待时间长为: 0.01894974708557129
2020-08-31 17:12:06,041 - root - INFO -[步骤信息]:********登录功能_异常测试_密码错误用例执行完成*******
2020-08-31 17:12:06,045 - root - INFO -[步骤信息]:=====获取元素的文本内容======
2020-08-31 17:12:06,045 - root - INFO -[步骤信息]:当前元素定位类型：xpath，当前查找的元素表达式为：(//div[@class="ant-form-explain"])[1]
2020-08-31 17:12:06,046 - root - INFO -[步骤信息]:开始等待元素在当前页面可见。
2020-08-31 17:12:07,069 - root - INFO -[步骤信息]:等待结束，等待开始时间：1598865126.0463908，结束等待时间：1598865127.0696547等待时间长为: 1.023263931274414
2020-08-31 17:12:07,085 - root - INFO -[步骤信息]:=====获取元素的文本内容======
2020-08-31 17:12:07,086 - root - INFO -[步骤信息]:当前元素定位类型：xpath，当前查找的元素表达式为：(//div[@class="ant-form-explain"])[2]
2020-08-31 17:12:07,086 - root - INFO -[步骤信息]:开始等待元素在当前页面可见。
2020-08-31 17:12:07,104 - root - INFO -[步骤信息]:等待结束，等待开始时间：1598865127.0876062，结束等待时间：1598865127.103564等待时间长为: 0.01595783233642578
2020-08-31 17:12:07,119 - root - INFO -[步骤信息]:*******开始进行结果校验*********
